<?xml version="1.0" encoding="UTF-8"?>
<testng-results ignored="0" total="2" passed="0" failed="2" skipped="0">
  <reporter-output>
  </reporter-output>
  <suite started-at="2023-08-26T11:47:00 BST" name="Cucumber Framework" finished-at="2023-08-26T11:48:25 BST" duration-ms="85189">
    <groups>
      <group name="cucumber">
        <method signature="AbstractTestNGCucumberTests.runScenario(io.cucumber.testng.PickleWrapper,io.cucumber.testng.FeatureWrapper)[pri:0, instance:runners.MainRunner@10683d9d]" name="runScenario" class="io.cucumber.testng.AbstractTestNGCucumberTests"/>
      </group> <!-- cucumber -->
    </groups>
    <test started-at="2023-08-26T11:47:00 BST" name="Cucumber Tests" finished-at="2023-08-26T11:48:25 BST" duration-ms="85189">
      <class name="runners.MainRunner">
        <test-method is-config="true" signature="setUpClass(org.testng.ITestContext)[pri:0, instance:runners.MainRunner@10683d9d]" started-at="2023-08-26T11:47:00 BST" name="setUpClass" finished-at="2023-08-26T11:47:00 BST" duration-ms="373" status="PASS">
          <params>
            <param index="0">
              <value>
                <![CDATA[org.testng.TestRunner@76973a6]]>
              </value>
            </param>
          </params>
          <reporter-output>
          </reporter-output>
        </test-method> <!-- setUpClass -->
        <test-method signature="runScenario(io.cucumber.testng.PickleWrapper,io.cucumber.testng.FeatureWrapper)[pri:0, instance:runners.MainRunner@10683d9d]" started-at="2023-08-26T11:47:00 BST" name="runScenario" description="Runs Cucumber Scenarios" data-provider="scenarios" finished-at="2023-08-26T11:47:43 BST" duration-ms="42499" status="FAIL">
          <params>
            <param index="0">
              <value>
                <![CDATA["Validate Successful Login"]]>
              </value>
            </param>
            <param index="1">
              <value>
                <![CDATA["WebDriver University - Login Page"]]>
              </value>
            </param>
          </params>
          <exception class="java.lang.AssertionError">
            <message>
              <![CDATA[WebElement is NOT visible, Exception: Expected condition failed: waiting for visibility of Proxy element for: DefaultElementLocator 'By.id: text5555' (tried for 40 second(s) with 500 milliseconds interval)]]>
            </message>
            <full-stacktrace>
              <![CDATA[java.lang.AssertionError: WebElement is NOT visible, Exception: Expected condition failed: waiting for visibility of Proxy element for: DefaultElementLocator 'By.id: text5555' (tried for 40 second(s) with 500 milliseconds interval)
at org.junit.Assert.fail(Assert.java:89)
at pageObjects.BasePage.WaitUntilWebElementIsVisible(BasePage.java:240)
at pageObjects.BasePage.sendKeysToWebElement(BasePage.java:162)
at pageObjects.Login_Page.enterUsername(Login_Page.java:25)
at stepDefinitions.Login_Steps.i_enter_a_unique_username(Login_Steps.java:22)
at ✽.I enter a username webdriver(file:///C:/GIT/brunoGianni/cucumberSeleniumGrid/cucumberSeleniumGrid/src/test/java/resources/features/login.feature:9)
]]>
            </full-stacktrace>
          </exception> <!-- java.lang.AssertionError -->
          <reporter-output>
          </reporter-output>
        </test-method> <!-- runScenario -->
        <test-method signature="runScenario(io.cucumber.testng.PickleWrapper,io.cucumber.testng.FeatureWrapper)[pri:0, instance:runners.MainRunner@10683d9d]" started-at="2023-08-26T11:47:43 BST" name="runScenario" description="Runs Cucumber Scenarios" data-provider="scenarios" finished-at="2023-08-26T11:48:25 BST" duration-ms="42261" status="FAIL">
          <params>
            <param index="0">
              <value>
                <![CDATA["Validate Unsuccessful Login"]]>
              </value>
            </param>
            <param index="1">
              <value>
                <![CDATA["WebDriver University - Login Page"]]>
              </value>
            </param>
          </params>
          <exception class="java.lang.AssertionError">
            <message>
              <![CDATA[WebElement is NOT visible, Exception: Expected condition failed: waiting for visibility of Proxy element for: DefaultElementLocator 'By.id: text5555' (tried for 40 second(s) with 500 milliseconds interval)]]>
            </message>
            <full-stacktrace>
              <![CDATA[java.lang.AssertionError: WebElement is NOT visible, Exception: Expected condition failed: waiting for visibility of Proxy element for: DefaultElementLocator 'By.id: text5555' (tried for 40 second(s) with 500 milliseconds interval)
at org.junit.Assert.fail(Assert.java:89)
at pageObjects.BasePage.WaitUntilWebElementIsVisible(BasePage.java:240)
at pageObjects.BasePage.sendKeysToWebElement(BasePage.java:162)
at pageObjects.Login_Page.enterUsername(Login_Page.java:25)
at stepDefinitions.Login_Steps.i_enter_a_unique_username(Login_Steps.java:22)
at ✽.I enter a username webdriver(file:///C:/GIT/brunoGianni/cucumberSeleniumGrid/cucumberSeleniumGrid/src/test/java/resources/features/login.feature:15)
]]>
            </full-stacktrace>
          </exception> <!-- java.lang.AssertionError -->
          <reporter-output>
          </reporter-output>
        </test-method> <!-- runScenario -->
        <test-method is-config="true" signature="tearDownClass()[pri:0, instance:runners.MainRunner@10683d9d]" started-at="2023-08-26T11:48:25 BST" name="tearDownClass" finished-at="2023-08-26T11:48:25 BST" duration-ms="30" status="PASS">
          <reporter-output>
          </reporter-output>
        </test-method> <!-- tearDownClass -->
      </class> <!-- runners.MainRunner -->
    </test> <!-- Cucumber Tests -->
  </suite> <!-- Cucumber Framework -->
</testng-results>
